{
  "RSpec": {
    "coverage": {
      "/Users/guillaumebouffard/Projects/Boris-bikes/spec/docking_station_spec.rb": [
        1,
        1,
        null,
        1,
        6,
        5,
        1,
        1,
        null,
        null,
        1,
        1,
        1,
        null,
        null,
        1,
        1,
        1,
        1,
        null,
        null,
        1,
        31,
        2,
        null,
        null,
        1,
        2,
        null,
        null
      ],
      "/Users/guillaumebouffard/Projects/Boris-bikes/lib/docking_station.rb": [
        1,
        1,
        1,
        6,
        6,
        null,
        null,
        1,
        53,
        1,
        null,
        52,
        null,
        null,
        null,
        1,
        null,
        null,
        2,
        1,
        null,
        1,
        null,
        null,
        null
      ],
      "/Users/guillaumebouffard/Projects/Boris-bikes/spec/features/feature_test_spec.rb": [
        1,
        1,
        1,
        1,
        1,
        1,
        null,
        1,
        1,
        1,
        21,
        1,
        null,
        null,
        null,
        null,
        null,
        1,
        1,
        1,
        1,
        1,
        1,
        18,
        1,
        1,
        null,
        null,
        null,
        null,
        5,
        1,
        1,
        null,
        5,
        null,
        5,
        1,
        1,
        null,
        5,
        1,
        1,
        null,
        1,
        null,
        null
      ],
      "/Users/guillaumebouffard/Projects/Boris-bikes/lib/garage.rb": [
        1,
        1,
        1,
        9,
        9,
        null,
        null,
        1,
        35,
        1,
        null,
        34,
        34,
        null,
        null,
        null,
        1,
        7,
        1,
        null,
        6,
        6,
        null,
        null,
        null,
        1,
        null,
        null,
        null,
        5,
        null,
        null
      ],
      "/Users/guillaumebouffard/Projects/Boris-bikes/lib/van.rb": [
        1,
        1,
        1,
        9,
        9,
        null,
        null,
        1,
        37,
        1,
        null,
        36,
        36,
        null,
        null,
        null,
        1,
        3,
        0,
        null,
        3,
        3,
        null,
        null,
        null,
        1,
        7,
        1,
        null,
        6,
        6,
        null,
        null,
        null
      ],
      "/Users/guillaumebouffard/Projects/Boris-bikes/spec/garage_spec.rb": [
        1,
        1,
        null,
        1,
        9,
        8,
        8,
        null,
        null,
        8,
        null,
        1,
        1,
        null,
        null,
        1,
        1,
        1,
        null,
        null,
        1,
        26,
        2,
        null,
        null,
        1,
        1,
        1,
        1,
        null,
        null,
        1,
        2,
        null,
        null,
        1,
        1,
        1,
        1,
        null,
        null,
        1,
        1,
        1,
        1,
        1,
        1,
        null,
        null,
        1,
        1,
        1,
        1,
        null,
        null,
        null,
        null,
        null,
        null
      ],
      "/Users/guillaumebouffard/Projects/Boris-bikes/spec/van_spec.rb": [
        1,
        1,
        null,
        1,
        9,
        8,
        8,
        8,
        null,
        1,
        1,
        null,
        null,
        1,
        1,
        1,
        1,
        null,
        null,
        1,
        1,
        1,
        1,
        null,
        null,
        1,
        16,
        2,
        null,
        null,
        1,
        1,
        1,
        1,
        null,
        null,
        1,
        2,
        null,
        null,
        1,
        1,
        1,
        1,
        null,
        null,
        1,
        1,
        1,
        1,
        1,
        1,
        null,
        null
      ]
    },
    "timestamp": 1442746319
  }
}
